2025-01-21 13:37:45,657 - DEBUG - Calling on_part_begin with no data
2025-01-21 13:37:45,657 - DEBUG - Calling on_header_field with data[42:61]
2025-01-21 13:37:45,658 - DEBUG - Calling on_header_value with data[63:118]
2025-01-21 13:37:45,658 - DEBUG - Calling on_header_end with no data
2025-01-21 13:37:45,659 - DEBUG - Calling on_header_field with data[120:132]
2025-01-21 13:37:45,659 - DEBUG - Calling on_header_value with data[134:143]
2025-01-21 13:37:45,659 - DEBUG - Calling on_header_end with no data
2025-01-21 13:37:45,660 - DEBUG - Calling on_headers_finished with no data
2025-01-21 13:37:45,660 - DEBUG - Calling on_part_data with data[147:16384]
2025-01-21 13:37:45,661 - DEBUG - Calling on_part_data with data[0:147456]
2025-01-21 13:37:45,662 - DEBUG - Calling on_part_data with data[0:98304]
2025-01-21 13:37:45,663 - DEBUG - Calling on_part_data with data[0:65536]
2025-01-21 13:37:45,663 - DEBUG - Calling on_part_data with data[0:65536]
2025-01-21 13:37:45,664 - DEBUG - Calling on_part_data with data[0:49152]
2025-01-21 13:37:45,665 - DEBUG - Calling on_part_data with data[0:49152]
2025-01-21 13:37:45,666 - DEBUG - Calling on_part_data with data[0:65536]
2025-01-21 13:37:45,667 - DEBUG - Calling on_part_data with data[0:32768]
2025-01-21 13:37:45,667 - DEBUG - Calling on_part_data with data[0:32768]
2025-01-21 13:37:45,669 - DEBUG - Calling on_part_data with data[0:16384]
2025-01-21 13:37:45,669 - DEBUG - Calling on_part_data with data[0:32768]
2025-01-21 13:37:45,670 - DEBUG - Calling on_part_data with data[0:14678]
2025-01-21 13:37:45,670 - DEBUG - Calling on_part_end with no data
2025-01-21 13:37:45,670 - DEBUG - Calling on_part_begin with no data
2025-01-21 13:37:45,671 - DEBUG - Calling on_header_field with data[14722:14741]
2025-01-21 13:37:45,671 - DEBUG - Calling on_header_value with data[14743:14836]
2025-01-21 13:37:45,671 - DEBUG - Calling on_header_end with no data
2025-01-21 13:37:45,672 - DEBUG - Calling on_header_field with data[14838:14850]
2025-01-21 13:37:45,673 - DEBUG - Calling on_header_value with data[14852:14861]
2025-01-21 13:37:45,675 - DEBUG - Calling on_header_end with no data
2025-01-21 13:37:45,676 - DEBUG - Calling on_headers_finished with no data
2025-01-21 13:37:45,676 - DEBUG - Calling on_part_data with data[14865:32768]
2025-01-21 13:37:45,679 - DEBUG - Calling on_part_data with data[0:196608]
2025-01-21 13:37:45,679 - DEBUG - Calling on_part_data with data[0:32768]
2025-01-21 13:37:45,681 - DEBUG - Calling on_part_data with data[0:16384]
2025-01-21 13:37:45,682 - DEBUG - Calling on_part_data with data[0:32768]
2025-01-21 13:37:45,683 - DEBUG - Calling on_part_data with data[0:32768]
2025-01-21 13:37:45,684 - DEBUG - Calling on_part_data with data[0:49152]
2025-01-21 13:37:45,685 - DEBUG - Calling on_part_data with data[0:32768]
2025-01-21 13:37:45,685 - DEBUG - Calling on_part_data with data[0:16384]
2025-01-21 13:37:45,686 - DEBUG - Calling on_part_data with data[0:32768]
2025-01-21 13:37:45,687 - DEBUG - Calling on_part_data with data[0:32768]
2025-01-21 13:37:45,688 - DEBUG - Calling on_part_data with data[0:65536]
2025-01-21 13:37:45,689 - DEBUG - Calling on_part_data with data[0:65536]
2025-01-21 13:37:45,689 - DEBUG - Calling on_part_data with data[0:49152]
2025-01-21 13:37:45,690 - DEBUG - Calling on_part_data with data[0:16384]
2025-01-21 13:37:45,691 - DEBUG - Calling on_part_data with data[0:16384]
2025-01-21 13:37:45,691 - DEBUG - Calling on_part_data with data[0:16384]
2025-01-21 13:37:45,692 - DEBUG - Calling on_part_data with data[0:16384]
2025-01-21 13:37:45,693 - DEBUG - Calling on_part_data with data[0:16384]
2025-01-21 13:37:45,695 - DEBUG - Calling on_part_data with data[0:16384]
2025-01-21 13:37:45,698 - DEBUG - Calling on_part_data with data[0:16384]
2025-01-21 13:37:45,699 - DEBUG - Calling on_part_data with data[0:32768]
2025-01-21 13:37:45,700 - DEBUG - Calling on_part_data with data[0:49152]
2025-01-21 13:37:45,700 - DEBUG - Calling on_part_data with data[0:32768]
2025-01-21 13:37:45,701 - DEBUG - Calling on_part_data with data[0:32768]
2025-01-21 13:37:45,701 - DEBUG - Calling on_part_data with data[0:32768]
2025-01-21 13:37:45,702 - DEBUG - Calling on_part_data with data[0:16384]
2025-01-21 13:37:45,703 - DEBUG - Calling on_part_data with data[0:49152]
2025-01-21 13:37:45,703 - DEBUG - Calling on_part_data with data[0:32768]
2025-01-21 13:37:45,705 - DEBUG - Calling on_part_data with data[0:212992]
2025-01-21 13:37:45,733 - DEBUG - Calling on_part_data with data[0:262144]
2025-01-21 13:37:45,735 - DEBUG - Calling on_part_data with data[0:262144]
2025-01-21 13:37:45,735 - DEBUG - Calling on_part_data with data[0:262144]
2025-01-21 13:37:45,737 - DEBUG - Calling on_part_data with data[0:262144]
2025-01-21 13:37:45,738 - DEBUG - Calling on_part_data with data[0:262144]
2025-01-21 13:37:45,739 - DEBUG - Calling on_part_data with data[0:262144]
2025-01-21 13:37:45,740 - DEBUG - Calling on_part_data with data[0:262144]
2025-01-21 13:37:45,741 - DEBUG - Calling on_part_data with data[0:245760]
2025-01-21 13:37:45,742 - DEBUG - Calling on_part_data with data[0:16384]
2025-01-21 13:37:45,743 - DEBUG - Calling on_part_data with data[0:32768]
2025-01-21 13:37:45,744 - DEBUG - Calling on_part_data with data[0:32768]
2025-01-21 13:37:45,747 - DEBUG - Calling on_part_data with data[0:81920]
2025-01-21 13:37:45,748 - DEBUG - Calling on_part_data with data[0:81920]
2025-01-21 13:37:45,748 - DEBUG - Calling on_part_data with data[0:81920]
2025-01-21 13:37:45,749 - DEBUG - Calling on_part_data with data[0:98304]
2025-01-21 13:37:45,750 - DEBUG - Calling on_part_data with data[0:98304]
2025-01-21 13:37:45,751 - DEBUG - Calling on_part_data with data[0:65536]
2025-01-21 13:37:45,752 - DEBUG - Calling on_part_data with data[0:32768]
2025-01-21 13:37:45,752 - DEBUG - Calling on_part_data with data[0:32768]
2025-01-21 13:37:45,753 - DEBUG - Calling on_part_data with data[0:65536]
2025-01-21 13:37:45,753 - DEBUG - Calling on_part_data with data[0:32768]
2025-01-21 13:37:45,754 - DEBUG - Calling on_part_data with data[0:16384]
2025-01-21 13:37:45,755 - DEBUG - Calling on_part_data with data[0:32768]
2025-01-21 13:37:45,755 - DEBUG - Calling on_part_data with data[0:81920]
2025-01-21 13:37:45,756 - DEBUG - Calling on_part_data with data[0:32768]
2025-01-21 13:37:45,757 - DEBUG - Calling on_part_data with data[0:49152]
2025-01-21 13:37:45,758 - DEBUG - Calling on_part_data with data[0:49152]
2025-01-21 13:37:45,759 - DEBUG - Calling on_part_data with data[0:65536]
2025-01-21 13:37:45,760 - DEBUG - Calling on_part_data with data[0:81920]
2025-01-21 13:37:45,762 - DEBUG - Calling on_part_data with data[0:49152]
2025-01-21 13:37:45,763 - DEBUG - Calling on_part_data with data[0:49152]
2025-01-21 13:37:45,764 - DEBUG - Calling on_part_data with data[0:65536]
2025-01-21 13:37:45,765 - DEBUG - Calling on_part_data with data[0:49152]
2025-01-21 13:37:45,765 - DEBUG - Calling on_part_data with data[0:16384]
2025-01-21 13:37:45,766 - DEBUG - Calling on_part_data with data[0:16384]
2025-01-21 13:37:45,766 - DEBUG - Calling on_part_data with data[0:16384]
2025-01-21 13:37:45,767 - DEBUG - Calling on_part_data with data[0:16384]
2025-01-21 13:37:45,768 - DEBUG - Calling on_part_data with data[0:16384]
2025-01-21 13:37:45,768 - DEBUG - Calling on_part_data with data[0:16384]
2025-01-21 13:37:45,770 - DEBUG - Calling on_part_data with data[0:81920]
2025-01-21 13:37:45,771 - DEBUG - Calling on_part_data with data[0:81920]
2025-01-21 13:37:45,772 - DEBUG - Calling on_part_data with data[0:81920]
2025-01-21 13:37:45,772 - DEBUG - Calling on_part_data with data[0:49152]
2025-01-21 13:37:45,773 - DEBUG - Calling on_part_data with data[0:49152]
2025-01-21 13:37:45,774 - DEBUG - Calling on_part_data with data[0:32768]
2025-01-21 13:37:45,775 - DEBUG - Calling on_part_data with data[0:16384]
2025-01-21 13:37:45,775 - DEBUG - Calling on_part_data with data[0:32768]
2025-01-21 13:37:45,776 - DEBUG - Calling on_part_data with data[0:32768]
2025-01-21 13:37:45,776 - DEBUG - Calling on_part_data with data[0:16384]
2025-01-21 13:37:45,778 - DEBUG - Calling on_part_data with data[0:65536]
2025-01-21 13:37:45,781 - DEBUG - Calling on_part_data with data[0:65536]
2025-01-21 13:37:45,781 - DEBUG - Calling on_part_data with data[0:81920]
2025-01-21 13:37:45,782 - DEBUG - Calling on_part_data with data[0:81920]
2025-01-21 13:37:45,783 - DEBUG - Calling on_part_data with data[0:98304]
2025-01-21 13:37:45,784 - DEBUG - Calling on_part_data with data[0:98304]
2025-01-21 13:37:45,785 - DEBUG - Calling on_part_data with data[0:81920]
2025-01-21 13:37:45,786 - DEBUG - Calling on_part_data with data[0:81920]
2025-01-21 13:37:45,787 - DEBUG - Calling on_part_data with data[0:81920]
2025-01-21 13:37:45,788 - DEBUG - Calling on_part_data with data[0:81920]
2025-01-21 13:37:45,788 - DEBUG - Calling on_part_data with data[0:16384]
2025-01-21 13:37:45,789 - DEBUG - Calling on_part_data with data[0:16384]
2025-01-21 13:37:45,790 - DEBUG - Calling on_part_data with data[0:65536]
2025-01-21 13:37:45,790 - DEBUG - Calling on_part_data with data[0:65536]
2025-01-21 13:37:45,791 - DEBUG - Calling on_part_data with data[0:65536]
2025-01-21 13:37:45,791 - DEBUG - Calling on_part_data with data[0:65536]
2025-01-21 13:37:45,792 - DEBUG - Calling on_part_data with data[0:16384]
2025-01-21 13:37:45,793 - DEBUG - Calling on_part_data with data[0:16384]
2025-01-21 13:37:45,794 - DEBUG - Calling on_part_data with data[0:16384]
2025-01-21 13:37:45,795 - DEBUG - Calling on_part_data with data[0:49152]
2025-01-21 13:37:45,797 - DEBUG - Calling on_part_data with data[0:81920]
2025-01-21 13:37:45,798 - DEBUG - Calling on_part_data with data[0:81920]
2025-01-21 13:37:45,799 - DEBUG - Calling on_part_data with data[0:81920]
2025-01-21 13:37:45,800 - DEBUG - Calling on_part_data with data[0:32768]
2025-01-21 13:37:45,800 - DEBUG - Calling on_part_data with data[0:16384]
2025-01-21 13:37:45,801 - DEBUG - Calling on_part_data with data[0:49152]
2025-01-21 13:37:45,802 - DEBUG - Calling on_part_data with data[0:65536]
2025-01-21 13:37:45,802 - DEBUG - Calling on_part_data with data[0:81920]
2025-01-21 13:37:45,803 - DEBUG - Calling on_part_data with data[0:65536]
2025-01-21 13:37:45,804 - DEBUG - Calling on_part_data with data[0:81920]
2025-01-21 13:37:45,804 - DEBUG - Calling on_part_data with data[0:81920]
2025-01-21 13:37:45,805 - DEBUG - Calling on_part_data with data[0:65536]
2025-01-21 13:37:45,806 - DEBUG - Calling on_part_data with data[0:65536]
2025-01-21 13:37:45,807 - DEBUG - Calling on_part_data with data[0:81920]
2025-01-21 13:37:45,807 - DEBUG - Calling on_part_data with data[0:81920]
2025-01-21 13:37:45,808 - DEBUG - Calling on_part_data with data[0:98304]
2025-01-21 13:37:45,809 - DEBUG - Calling on_part_data with data[0:98304]
2025-01-21 13:37:45,810 - DEBUG - Calling on_part_data with data[0:81920]
2025-01-21 13:37:45,811 - DEBUG - Calling on_part_data with data[0:65536]
2025-01-21 13:37:45,813 - DEBUG - Calling on_part_data with data[0:32768]
2025-01-21 13:37:45,814 - DEBUG - Calling on_part_data with data[0:81920]
2025-01-21 13:37:45,814 - DEBUG - Calling on_part_data with data[0:81920]
2025-01-21 13:37:45,815 - DEBUG - Calling on_part_data with data[0:16384]
2025-01-21 13:37:45,816 - DEBUG - Calling on_part_data with data[0:22277]
2025-01-21 13:37:45,816 - DEBUG - Calling on_part_end with no data
2025-01-21 13:37:45,816 - DEBUG - Calling on_part_begin with no data
2025-01-21 13:37:45,816 - DEBUG - Calling on_header_field with data[22321:22340]
2025-01-21 13:37:45,817 - DEBUG - Calling on_header_value with data[22342:22379]
2025-01-21 13:37:45,817 - DEBUG - Calling on_header_end with no data
2025-01-21 13:37:45,817 - DEBUG - Calling on_headers_finished with no data
2025-01-21 13:37:45,817 - DEBUG - Calling on_part_data with data[22383:22393]
2025-01-21 13:37:45,818 - DEBUG - Calling on_part_end with no data
2025-01-21 13:37:45,818 - DEBUG - Calling on_part_begin with no data
2025-01-21 13:37:45,818 - DEBUG - Calling on_header_field with data[22437:22456]
2025-01-21 13:37:45,818 - DEBUG - Calling on_header_value with data[22458:22492]
2025-01-21 13:37:45,819 - DEBUG - Calling on_header_end with no data
2025-01-21 13:37:45,819 - DEBUG - Calling on_headers_finished with no data
2025-01-21 13:37:45,819 - DEBUG - Calling on_part_data with data[22496:22509]
2025-01-21 13:37:45,819 - DEBUG - Calling on_part_end with no data
2025-01-21 13:37:45,820 - DEBUG - Calling on_end with no data
2025-01-21 13:37:45,837 - INFO - Starting video splitting...
2025-01-21 13:37:46,280 - ERROR - Error splitting video: 'duration'
2025-01-21 13:37:46,281 - ERROR - Pipeline error: 'duration'
2025-01-21 13:39:11,496 - DEBUG - Calling on_part_begin with no data
2025-01-21 13:39:11,496 - DEBUG - Calling on_header_field with data[42:61]
2025-01-21 13:39:11,496 - DEBUG - Calling on_header_value with data[63:118]
2025-01-21 13:39:11,496 - DEBUG - Calling on_header_end with no data
2025-01-21 13:39:11,496 - DEBUG - Calling on_header_field with data[120:132]
2025-01-21 13:39:11,496 - DEBUG - Calling on_header_value with data[134:143]
2025-01-21 13:39:11,497 - DEBUG - Calling on_header_end with no data
2025-01-21 13:39:11,497 - DEBUG - Calling on_headers_finished with no data
2025-01-21 13:39:11,497 - DEBUG - Calling on_part_data with data[147:65536]
2025-01-21 13:39:11,499 - DEBUG - Calling on_part_data with data[0:262144]
2025-01-21 13:39:11,500 - DEBUG - Calling on_part_data with data[0:262144]
2025-01-21 13:39:11,501 - DEBUG - Calling on_part_data with data[0:96598]
2025-01-21 13:39:11,502 - DEBUG - Calling on_part_end with no data
2025-01-21 13:39:11,502 - DEBUG - Calling on_part_begin with no data
2025-01-21 13:39:11,502 - DEBUG - Calling on_header_field with data[96642:96661]
2025-01-21 13:39:11,503 - DEBUG - Calling on_header_value with data[96663:96718]
2025-01-21 13:39:11,503 - DEBUG - Calling on_header_end with no data
2025-01-21 13:39:11,503 - DEBUG - Calling on_header_field with data[96720:96732]
2025-01-21 13:39:11,504 - DEBUG - Calling on_header_value with data[96734:96743]
2025-01-21 13:39:11,504 - DEBUG - Calling on_header_end with no data
2025-01-21 13:39:11,505 - DEBUG - Calling on_headers_finished with no data
2025-01-21 13:39:11,506 - DEBUG - Calling on_part_data with data[96747:212992]
2025-01-21 13:39:11,507 - DEBUG - Calling on_part_data with data[0:262144]
2025-01-21 13:39:11,508 - DEBUG - Calling on_part_data with data[0:262144]
2025-01-21 13:39:11,509 - DEBUG - Calling on_part_data with data[0:262144]
2025-01-21 13:39:11,510 - DEBUG - Calling on_part_data with data[0:262144]
2025-01-21 13:39:11,517 - DEBUG - Calling on_part_data with data[0:262144]
2025-01-21 13:39:11,518 - DEBUG - Calling on_part_data with data[0:262144]
2025-01-21 13:39:11,520 - DEBUG - Calling on_part_data with data[0:262144]
2025-01-21 13:39:11,521 - DEBUG - Calling on_part_data with data[0:262144]
2025-01-21 13:39:11,521 - DEBUG - Calling on_part_data with data[0:262144]
2025-01-21 13:39:11,522 - DEBUG - Calling on_part_data with data[0:262144]
2025-01-21 13:39:11,523 - DEBUG - Calling on_part_data with data[0:262144]
2025-01-21 13:39:11,524 - DEBUG - Calling on_part_data with data[0:262144]
2025-01-21 13:39:11,525 - DEBUG - Calling on_part_data with data[0:262144]
2025-01-21 13:39:11,527 - DEBUG - Calling on_part_data with data[0:262144]
2025-01-21 13:39:11,528 - DEBUG - Calling on_part_data with data[0:262144]
2025-01-21 13:39:11,529 - DEBUG - Calling on_part_data with data[0:262144]
2025-01-21 13:39:11,530 - DEBUG - Calling on_part_data with data[0:262144]
2025-01-21 13:39:11,530 - DEBUG - Calling on_part_data with data[0:262144]
2025-01-21 13:39:11,533 - DEBUG - Calling on_part_data with data[0:262144]
2025-01-21 13:39:11,534 - DEBUG - Calling on_part_data with data[0:262144]
2025-01-21 13:39:11,535 - DEBUG - Calling on_part_data with data[0:262144]
2025-01-21 13:39:11,536 - DEBUG - Calling on_part_data with data[0:262144]
2025-01-21 13:39:11,536 - DEBUG - Calling on_part_data with data[0:262144]
2025-01-21 13:39:11,537 - DEBUG - Calling on_part_data with data[0:262144]
2025-01-21 13:39:11,542 - DEBUG - Calling on_part_data with data[0:262144]
2025-01-21 13:39:11,543 - DEBUG - Calling on_part_data with data[0:262144]
2025-01-21 13:39:11,544 - DEBUG - Calling on_part_data with data[0:262144]
2025-01-21 13:39:11,545 - DEBUG - Calling on_part_data with data[0:262144]
2025-01-21 13:39:11,545 - DEBUG - Calling on_part_data with data[0:262144]
2025-01-21 13:39:11,546 - DEBUG - Calling on_part_data with data[0:262144]
2025-01-21 13:39:11,546 - DEBUG - Calling on_part_data with data[0:136927]
2025-01-21 13:39:11,547 - DEBUG - Calling on_part_end with no data
2025-01-21 13:39:11,547 - DEBUG - Calling on_part_begin with no data
2025-01-21 13:39:11,547 - DEBUG - Calling on_header_field with data[136971:136990]
2025-01-21 13:39:11,547 - DEBUG - Calling on_header_value with data[136992:137029]
2025-01-21 13:39:11,547 - DEBUG - Calling on_header_end with no data
2025-01-21 13:39:11,547 - DEBUG - Calling on_headers_finished with no data
2025-01-21 13:39:11,549 - DEBUG - Calling on_part_data with data[137033:137043]
2025-01-21 13:39:11,549 - DEBUG - Calling on_part_end with no data
2025-01-21 13:39:11,549 - DEBUG - Calling on_part_begin with no data
2025-01-21 13:39:11,549 - DEBUG - Calling on_header_field with data[137087:137106]
2025-01-21 13:39:11,549 - DEBUG - Calling on_header_value with data[137108:137142]
2025-01-21 13:39:11,550 - DEBUG - Calling on_header_end with no data
2025-01-21 13:39:11,550 - DEBUG - Calling on_headers_finished with no data
2025-01-21 13:39:11,550 - DEBUG - Calling on_part_data with data[137146:137159]
2025-01-21 13:39:11,551 - DEBUG - Calling on_part_end with no data
2025-01-21 13:39:11,551 - DEBUG - Calling on_end with no data
2025-01-21 13:39:11,578 - INFO - Starting video splitting...
2025-01-21 13:39:11,635 - ERROR - Error splitting video: 'duration'
2025-01-21 13:39:11,635 - ERROR - Pipeline error: 'duration'
2025-01-21 13:45:24,097 - DEBUG - Calling on_part_begin with no data
2025-01-21 13:45:24,098 - DEBUG - Calling on_header_field with data[42:61]
2025-01-21 13:45:24,098 - DEBUG - Calling on_header_value with data[63:117]
2025-01-21 13:45:24,098 - DEBUG - Calling on_header_end with no data
2025-01-21 13:45:24,098 - DEBUG - Calling on_header_field with data[119:131]
2025-01-21 13:45:24,100 - DEBUG - Calling on_header_value with data[133:142]
2025-01-21 13:45:24,100 - DEBUG - Calling on_header_end with no data
2025-01-21 13:45:24,100 - DEBUG - Calling on_headers_finished with no data
2025-01-21 13:45:24,100 - DEBUG - Calling on_part_data with data[146:16384]
2025-01-21 13:45:24,101 - DEBUG - Calling on_part_data with data[0:180224]
2025-01-21 13:45:24,102 - DEBUG - Calling on_part_data with data[0:32768]
2025-01-21 13:45:24,102 - DEBUG - Calling on_part_data with data[0:32768]
2025-01-21 13:45:24,103 - DEBUG - Calling on_part_data with data[0:32768]
2025-01-21 13:45:24,103 - DEBUG - Calling on_part_data with data[0:32768]
2025-01-21 13:45:24,104 - DEBUG - Calling on_part_data with data[0:32768]
2025-01-21 13:45:24,104 - DEBUG - Calling on_part_data with data[0:32768]
2025-01-21 13:45:24,104 - DEBUG - Calling on_part_data with data[0:32768]
2025-01-21 13:45:24,105 - DEBUG - Calling on_part_data with data[0:32768]
2025-01-21 13:45:24,106 - DEBUG - Calling on_part_data with data[0:16384]
2025-01-21 13:45:24,108 - DEBUG - Calling on_part_data with data[0:16384]
2025-01-21 13:45:24,112 - DEBUG - Calling on_part_data with data[0:16384]
2025-01-21 13:45:24,113 - DEBUG - Calling on_part_data with data[0:49152]
2025-01-21 13:45:24,114 - DEBUG - Calling on_part_data with data[0:65536]
2025-01-21 13:45:24,114 - DEBUG - Calling on_part_data with data[0:32768]
2025-01-21 13:45:24,115 - DEBUG - Calling on_part_data with data[0:65536]
2025-01-21 13:45:24,115 - DEBUG - Calling on_part_data with data[0:16384]
2025-01-21 13:45:24,116 - DEBUG - Calling on_part_data with data[0:49152]
2025-01-21 13:45:24,116 - DEBUG - Calling on_part_data with data[0:16384]
2025-01-21 13:45:24,117 - DEBUG - Calling on_part_data with data[0:32768]
2025-01-21 13:45:24,117 - DEBUG - Calling on_part_data with data[0:49152]
2025-01-21 13:45:24,118 - DEBUG - Calling on_part_data with data[0:49152]
2025-01-21 13:45:24,118 - DEBUG - Calling on_part_data with data[0:32768]
2025-01-21 13:45:24,119 - DEBUG - Calling on_part_data with data[0:65536]
2025-01-21 13:45:24,120 - DEBUG - Calling on_part_data with data[0:32768]
2025-01-21 13:45:24,125 - DEBUG - Calling on_part_data with data[0:180224]
2025-01-21 13:45:24,134 - DEBUG - Calling on_part_data with data[0:262144]
2025-01-21 13:45:24,137 - DEBUG - Calling on_part_data with data[0:262144]
2025-01-21 13:45:24,138 - DEBUG - Calling on_part_data with data[0:131072]
2025-01-21 13:45:24,140 - DEBUG - Calling on_part_data with data[0:98304]
2025-01-21 13:45:24,141 - DEBUG - Calling on_part_data with data[0:81920]
2025-01-21 13:45:24,142 - DEBUG - Calling on_part_data with data[0:49152]
2025-01-21 13:45:24,142 - DEBUG - Calling on_part_data with data[0:49152]
2025-01-21 13:45:24,143 - DEBUG - Calling on_part_data with data[0:65536]
2025-01-21 13:45:24,144 - DEBUG - Calling on_part_data with data[0:49152]
2025-01-21 13:45:24,146 - DEBUG - Calling on_part_data with data[0:32768]
2025-01-21 13:45:24,146 - DEBUG - Calling on_part_data with data[0:32768]
2025-01-21 13:45:24,146 - DEBUG - Calling on_part_data with data[0:32768]
2025-01-21 13:45:24,147 - DEBUG - Calling on_part_data with data[0:32768]
2025-01-21 13:45:24,147 - DEBUG - Calling on_part_data with data[0:32768]
2025-01-21 13:45:24,149 - DEBUG - Calling on_part_data with data[0:49152]
2025-01-21 13:45:24,150 - DEBUG - Calling on_part_data with data[0:49152]
2025-01-21 13:45:24,151 - DEBUG - Calling on_part_data with data[0:49152]
2025-01-21 13:45:24,152 - DEBUG - Calling on_part_data with data[0:32768]
2025-01-21 13:45:24,152 - DEBUG - Calling on_part_data with data[0:32768]
2025-01-21 13:45:24,153 - DEBUG - Calling on_part_data with data[0:65536]
2025-01-21 13:45:24,153 - DEBUG - Calling on_part_data with data[0:49152]
2025-01-21 13:45:24,154 - DEBUG - Calling on_part_data with data[0:49152]
2025-01-21 13:45:24,154 - DEBUG - Calling on_part_data with data[0:49152]
2025-01-21 13:45:24,155 - DEBUG - Calling on_part_data with data[0:49152]
2025-01-21 13:45:24,156 - DEBUG - Calling on_part_data with data[0:65536]
2025-01-21 13:45:24,157 - DEBUG - Calling on_part_data with data[0:65536]
2025-01-21 13:45:24,158 - DEBUG - Calling on_part_data with data[0:49152]
2025-01-21 13:45:24,159 - DEBUG - Calling on_part_data with data[0:65536]
2025-01-21 13:45:24,159 - DEBUG - Calling on_part_data with data[0:65536]
2025-01-21 13:45:24,160 - DEBUG - Calling on_part_data with data[0:49152]
2025-01-21 13:45:24,161 - DEBUG - Calling on_part_data with data[0:49152]
2025-01-21 13:45:24,161 - DEBUG - Calling on_part_data with data[0:65536]
2025-01-21 13:45:24,161 - DEBUG - Calling on_part_data with data[0:49152]
2025-01-21 13:45:24,162 - DEBUG - Calling on_part_data with data[0:49152]
2025-01-21 13:45:24,162 - DEBUG - Calling on_part_data with data[0:65536]
2025-01-21 13:45:24,163 - DEBUG - Calling on_part_data with data[0:49152]
2025-01-21 13:45:24,163 - DEBUG - Calling on_part_data with data[0:32768]
2025-01-21 13:45:24,165 - DEBUG - Calling on_part_data with data[0:49152]
2025-01-21 13:45:24,166 - DEBUG - Calling on_part_data with data[0:81920]
2025-01-21 13:45:24,166 - DEBUG - Calling on_part_data with data[0:16384]
2025-01-21 13:45:24,167 - DEBUG - Calling on_part_data with data[0:65536]
2025-01-21 13:45:24,167 - DEBUG - Calling on_part_data with data[0:32768]
2025-01-21 13:45:24,168 - DEBUG - Calling on_part_data with data[0:49152]
2025-01-21 13:45:24,168 - DEBUG - Calling on_part_data with data[0:49152]
2025-01-21 13:45:24,169 - DEBUG - Calling on_part_data with data[0:32768]
2025-01-21 13:45:24,169 - DEBUG - Calling on_part_data with data[0:32768]
2025-01-21 13:45:24,170 - DEBUG - Calling on_part_data with data[0:32768]
2025-01-21 13:45:24,170 - DEBUG - Calling on_part_data with data[0:32768]
2025-01-21 13:45:24,171 - DEBUG - Calling on_part_data with data[0:65536]
2025-01-21 13:45:24,172 - DEBUG - Calling on_part_data with data[0:49152]
2025-01-21 13:45:24,172 - DEBUG - Calling on_part_data with data[0:65536]
2025-01-21 13:45:24,173 - DEBUG - Calling on_part_data with data[0:65536]
2025-01-21 13:45:24,174 - DEBUG - Calling on_part_data with data[0:65536]
2025-01-21 13:45:24,174 - DEBUG - Calling on_part_data with data[0:49152]
2025-01-21 13:45:24,176 - DEBUG - Calling on_part_data with data[0:65536]
2025-01-21 13:45:24,176 - DEBUG - Calling on_part_data with data[0:65536]
2025-01-21 13:45:24,177 - DEBUG - Calling on_part_data with data[0:49152]
2025-01-21 13:45:24,177 - DEBUG - Calling on_part_data with data[0:65536]
2025-01-21 13:45:24,178 - DEBUG - Calling on_part_data with data[0:49152]
2025-01-21 13:45:24,178 - DEBUG - Calling on_part_data with data[0:49152]
2025-01-21 13:45:24,179 - DEBUG - Calling on_part_data with data[0:65536]
2025-01-21 13:45:24,179 - DEBUG - Calling on_part_data with data[0:65536]
2025-01-21 13:45:24,180 - DEBUG - Calling on_part_data with data[0:49152]
2025-01-21 13:45:24,181 - DEBUG - Calling on_part_data with data[0:16384]
2025-01-21 13:45:24,182 - DEBUG - Calling on_part_data with data[0:65536]
2025-01-21 13:45:24,182 - DEBUG - Calling on_part_data with data[0:65536]
2025-01-21 13:45:24,183 - DEBUG - Calling on_part_data with data[0:65536]
2025-01-21 13:45:24,183 - DEBUG - Calling on_part_data with data[0:49152]
2025-01-21 13:45:24,184 - DEBUG - Calling on_part_data with data[0:49152]
2025-01-21 13:45:24,184 - DEBUG - Calling on_part_data with data[0:65536]
2025-01-21 13:45:24,185 - DEBUG - Calling on_part_data with data[0:49152]
2025-01-21 13:45:24,185 - DEBUG - Calling on_part_data with data[0:65536]
2025-01-21 13:45:24,187 - DEBUG - Calling on_part_data with data[0:49152]
2025-01-21 13:45:24,187 - DEBUG - Calling on_part_data with data[0:32768]
2025-01-21 13:45:24,188 - DEBUG - Calling on_part_data with data[0:32768]
2025-01-21 13:45:24,224 - DEBUG - Calling on_part_data with data[0:16384]
2025-01-21 13:45:24,242 - DEBUG - Calling on_part_data with data[0:16384]
2025-01-21 13:45:24,243 - DEBUG - Calling on_part_data with data[0:49152]
2025-01-21 13:45:24,244 - DEBUG - Calling on_part_data with data[0:49152]
2025-01-21 13:45:24,244 - DEBUG - Calling on_part_data with data[0:49152]
2025-01-21 13:45:24,246 - DEBUG - Calling on_part_data with data[0:65536]
2025-01-21 13:45:24,247 - DEBUG - Calling on_part_data with data[0:49152]
2025-01-21 13:45:24,248 - DEBUG - Calling on_part_data with data[0:65536]
2025-01-21 13:45:24,248 - DEBUG - Calling on_part_data with data[0:65536]
2025-01-21 13:45:24,249 - DEBUG - Calling on_part_data with data[0:49152]
2025-01-21 13:45:24,250 - DEBUG - Calling on_part_data with data[0:49152]
2025-01-21 13:45:24,251 - DEBUG - Calling on_part_data with data[0:81920]
2025-01-21 13:45:24,251 - DEBUG - Calling on_part_data with data[0:81920]
2025-01-21 13:45:24,252 - DEBUG - Calling on_part_data with data[0:81920]
2025-01-21 13:45:24,254 - DEBUG - Calling on_part_data with data[0:81920]
2025-01-21 13:45:24,254 - DEBUG - Calling on_part_data with data[0:65536]
2025-01-21 13:45:24,255 - DEBUG - Calling on_part_data with data[0:49152]
2025-01-21 13:45:24,255 - DEBUG - Calling on_part_data with data[0:65536]
2025-01-21 13:45:24,256 - DEBUG - Calling on_part_data with data[0:49152]
2025-01-21 13:45:24,257 - DEBUG - Calling on_part_data with data[0:81920]
2025-01-21 13:45:24,257 - DEBUG - Calling on_part_data with data[0:65536]
2025-01-21 13:45:24,258 - DEBUG - Calling on_part_data with data[0:81920]
2025-01-21 13:45:24,258 - DEBUG - Calling on_part_data with data[0:49152]
2025-01-21 13:45:24,259 - DEBUG - Calling on_part_data with data[0:49152]
2025-01-21 13:45:24,260 - DEBUG - Calling on_part_data with data[0:65536]
2025-01-21 13:45:24,260 - DEBUG - Calling on_part_data with data[0:65536]
2025-01-21 13:45:24,261 - DEBUG - Calling on_part_data with data[0:49152]
2025-01-21 13:45:24,261 - DEBUG - Calling on_part_data with data[0:65536]
2025-01-21 13:45:24,261 - DEBUG - Calling on_part_data with data[0:49152]
2025-01-21 13:45:24,263 - DEBUG - Calling on_part_data with data[0:65536]
2025-01-21 13:45:24,264 - DEBUG - Calling on_part_data with data[0:81920]
2025-01-21 13:45:24,265 - DEBUG - Calling on_part_data with data[0:65536]
2025-01-21 13:45:24,265 - DEBUG - Calling on_part_data with data[0:16384]
2025-01-21 13:45:24,267 - DEBUG - Calling on_part_data with data[0:16384]
2025-01-21 13:45:24,268 - DEBUG - Calling on_part_data with data[0:16384]
2025-01-21 13:45:24,275 - DEBUG - Calling on_part_data with data[0:16384]
2025-01-21 13:45:24,279 - DEBUG - Calling on_part_data with data[0:16384]
2025-01-21 13:45:24,280 - DEBUG - Calling on_part_data with data[0:16384]
2025-01-21 13:45:24,281 - DEBUG - Calling on_part_data with data[0:49152]
2025-01-21 13:45:24,281 - DEBUG - Calling on_part_data with data[0:16384]
2025-01-21 13:45:24,282 - DEBUG - Calling on_part_data with data[0:49152]
2025-01-21 13:45:24,283 - DEBUG - Calling on_part_data with data[0:16384]
2025-01-21 13:45:24,284 - DEBUG - Calling on_part_data with data[0:32768]
2025-01-21 13:45:24,284 - DEBUG - Calling on_part_data with data[0:65536]
2025-01-21 13:45:24,286 - DEBUG - Calling on_part_data with data[0:65536]
2025-01-21 13:45:24,286 - DEBUG - Calling on_part_data with data[0:16384]
2025-01-21 13:45:24,286 - DEBUG - Calling on_part_data with data[0:49152]
2025-01-21 13:45:24,287 - DEBUG - Calling on_part_data with data[0:49152]
2025-01-21 13:45:24,287 - DEBUG - Calling on_part_data with data[0:65536]
2025-01-21 13:45:24,289 - DEBUG - Calling on_part_data with data[0:7558]
2025-01-21 13:45:24,290 - DEBUG - Calling on_part_end with no data
2025-01-21 13:45:24,290 - DEBUG - Calling on_part_begin with no data
2025-01-21 13:45:24,290 - DEBUG - Calling on_header_field with data[7602:7621]
2025-01-21 13:45:24,290 - DEBUG - Calling on_header_value with data[7623:7679]
2025-01-21 13:45:24,291 - DEBUG - Calling on_header_end with no data
2025-01-21 13:45:24,291 - DEBUG - Calling on_header_field with data[7681:7693]
2025-01-21 13:45:24,291 - DEBUG - Calling on_header_value with data[7695:7704]
2025-01-21 13:45:24,291 - DEBUG - Calling on_header_end with no data
2025-01-21 13:45:24,291 - DEBUG - Calling on_headers_finished with no data
2025-01-21 13:45:24,292 - DEBUG - Calling on_part_data with data[7708:32768]
2025-01-21 13:45:24,293 - DEBUG - Calling on_part_data with data[0:147456]
2025-01-21 13:45:24,293 - DEBUG - Calling on_part_data with data[0:114688]
2025-01-21 13:45:24,295 - DEBUG - Calling on_part_data with data[0:65536]
2025-01-21 13:45:24,295 - DEBUG - Calling on_part_data with data[0:32768]
2025-01-21 13:45:24,296 - DEBUG - Calling on_part_data with data[0:32768]
2025-01-21 13:45:24,297 - DEBUG - Calling on_part_data with data[0:16384]
2025-01-21 13:45:24,297 - DEBUG - Calling on_part_data with data[0:81920]
2025-01-21 13:45:24,299 - DEBUG - Calling on_part_data with data[0:81920]
2025-01-21 13:45:24,300 - DEBUG - Calling on_part_data with data[0:87775]
2025-01-21 13:45:24,300 - DEBUG - Calling on_part_end with no data
2025-01-21 13:45:24,300 - DEBUG - Calling on_part_begin with no data
2025-01-21 13:45:24,300 - DEBUG - Calling on_header_field with data[87819:87838]
2025-01-21 13:45:24,301 - DEBUG - Calling on_header_value with data[87840:87877]
2025-01-21 13:45:24,301 - DEBUG - Calling on_header_end with no data
2025-01-21 13:45:24,301 - DEBUG - Calling on_headers_finished with no data
2025-01-21 13:45:24,301 - DEBUG - Calling on_part_data with data[87881:87891]
2025-01-21 13:45:24,301 - DEBUG - Calling on_part_end with no data
2025-01-21 13:45:24,302 - DEBUG - Calling on_part_begin with no data
2025-01-21 13:45:24,302 - DEBUG - Calling on_header_field with data[87935:87954]
2025-01-21 13:45:24,302 - DEBUG - Calling on_header_value with data[87956:87990]
2025-01-21 13:45:24,302 - DEBUG - Calling on_header_end with no data
2025-01-21 13:45:24,302 - DEBUG - Calling on_headers_finished with no data
2025-01-21 13:45:24,303 - DEBUG - Calling on_part_data with data[87994:88007]
2025-01-21 13:45:24,303 - DEBUG - Calling on_part_end with no data
2025-01-21 13:45:24,303 - DEBUG - Calling on_end with no data
2025-01-21 13:45:24,315 - INFO - Starting video splitting...
2025-01-21 13:45:24,739 - INFO - Video duration: 0:00:44
2025-01-21 13:45:24,741 - ERROR - Error creating segment: 
2025-01-21 13:45:24,741 - ERROR - Error splitting video: 
2025-01-21 13:45:24,742 - ERROR - Pipeline error: 
2025-01-21 13:46:12,832 - DEBUG - Calling on_part_begin with no data
2025-01-21 13:46:12,833 - DEBUG - Calling on_header_field with data[42:61]
2025-01-21 13:46:12,833 - DEBUG - Calling on_header_value with data[63:117]
2025-01-21 13:46:12,833 - DEBUG - Calling on_header_end with no data
2025-01-21 13:46:12,833 - DEBUG - Calling on_header_field with data[119:131]
2025-01-21 13:46:12,833 - DEBUG - Calling on_header_value with data[133:142]
2025-01-21 13:46:12,834 - DEBUG - Calling on_header_end with no data
2025-01-21 13:46:12,834 - DEBUG - Calling on_headers_finished with no data
2025-01-21 13:46:12,834 - DEBUG - Calling on_part_data with data[146:65536]
2025-01-21 13:46:12,835 - DEBUG - Calling on_part_data with data[0:262144]
2025-01-21 13:46:12,835 - DEBUG - Calling on_part_data with data[0:212992]
2025-01-21 13:46:12,837 - DEBUG - Calling on_part_data with data[0:147456]
2025-01-21 13:46:12,838 - DEBUG - Calling on_part_data with data[0:131072]
2025-01-21 13:46:12,839 - DEBUG - Calling on_part_data with data[0:163840]
2025-01-21 13:46:12,840 - DEBUG - Calling on_part_data with data[0:262144]
2025-01-21 13:46:12,844 - DEBUG - Calling on_part_data with data[0:262144]
2025-01-21 13:46:12,852 - DEBUG - Calling on_part_data with data[0:262144]
2025-01-21 13:46:12,853 - DEBUG - Calling on_part_data with data[0:262144]
2025-01-21 13:46:12,853 - DEBUG - Calling on_part_data with data[0:262144]
2025-01-21 13:46:12,854 - DEBUG - Calling on_part_data with data[0:262144]
2025-01-21 13:46:12,855 - DEBUG - Calling on_part_data with data[0:262144]
2025-01-21 13:46:12,856 - DEBUG - Calling on_part_data with data[0:262144]
2025-01-21 13:46:12,857 - DEBUG - Calling on_part_data with data[0:262144]
2025-01-21 13:46:12,858 - DEBUG - Calling on_part_data with data[0:262144]
2025-01-21 13:46:12,859 - DEBUG - Calling on_part_data with data[0:262144]
2025-01-21 13:46:12,860 - DEBUG - Calling on_part_data with data[0:262144]
2025-01-21 13:46:12,861 - DEBUG - Calling on_part_data with data[0:262144]
2025-01-21 13:46:12,862 - DEBUG - Calling on_part_data with data[0:262144]
2025-01-21 13:46:12,863 - DEBUG - Calling on_part_data with data[0:262144]
2025-01-21 13:46:12,864 - DEBUG - Calling on_part_data with data[0:262144]
2025-01-21 13:46:12,865 - DEBUG - Calling on_part_data with data[0:262144]
2025-01-21 13:46:12,865 - DEBUG - Calling on_part_data with data[0:262144]
2025-01-21 13:46:12,869 - DEBUG - Calling on_part_data with data[0:262144]
2025-01-21 13:46:12,870 - DEBUG - Calling on_part_data with data[0:262144]
2025-01-21 13:46:12,870 - DEBUG - Calling on_part_data with data[0:262144]
2025-01-21 13:46:12,872 - DEBUG - Calling on_part_data with data[0:262144]
2025-01-21 13:46:12,873 - DEBUG - Calling on_part_data with data[0:262144]
2025-01-21 13:46:12,874 - DEBUG - Calling on_part_data with data[0:262144]
2025-01-21 13:46:12,875 - DEBUG - Calling on_part_data with data[0:262144]
2025-01-21 13:46:12,876 - DEBUG - Calling on_part_data with data[0:262144]
2025-01-21 13:46:12,877 - DEBUG - Calling on_part_data with data[0:262144]
2025-01-21 13:46:12,877 - DEBUG - Calling on_part_data with data[0:56710]
2025-01-21 13:46:12,878 - DEBUG - Calling on_part_end with no data
2025-01-21 13:46:12,878 - DEBUG - Calling on_part_begin with no data
2025-01-21 13:46:12,878 - DEBUG - Calling on_header_field with data[56754:56773]
2025-01-21 13:46:12,878 - DEBUG - Calling on_header_value with data[56775:56831]
2025-01-21 13:46:12,878 - DEBUG - Calling on_header_end with no data
2025-01-21 13:46:12,879 - DEBUG - Calling on_header_field with data[56833:56845]
2025-01-21 13:46:12,879 - DEBUG - Calling on_header_value with data[56847:56856]
2025-01-21 13:46:12,879 - DEBUG - Calling on_header_end with no data
2025-01-21 13:46:12,879 - DEBUG - Calling on_headers_finished with no data
2025-01-21 13:46:12,879 - DEBUG - Calling on_part_data with data[56860:262144]
2025-01-21 13:46:12,880 - DEBUG - Calling on_part_data with data[0:262144]
2025-01-21 13:46:12,881 - DEBUG - Calling on_part_data with data[0:218847]
2025-01-21 13:46:12,881 - DEBUG - Calling on_part_end with no data
2025-01-21 13:46:12,882 - DEBUG - Calling on_part_begin with no data
2025-01-21 13:46:12,882 - DEBUG - Calling on_header_field with data[218891:218910]
2025-01-21 13:46:12,882 - DEBUG - Calling on_header_value with data[218912:218949]
2025-01-21 13:46:12,882 - DEBUG - Calling on_header_end with no data
2025-01-21 13:46:12,882 - DEBUG - Calling on_headers_finished with no data
2025-01-21 13:46:12,883 - DEBUG - Calling on_part_data with data[218953:218963]
2025-01-21 13:46:12,883 - DEBUG - Calling on_part_end with no data
2025-01-21 13:46:12,883 - DEBUG - Calling on_part_begin with no data
2025-01-21 13:46:12,883 - DEBUG - Calling on_header_field with data[219007:219026]
2025-01-21 13:46:12,883 - DEBUG - Calling on_header_value with data[219028:219062]
2025-01-21 13:46:12,884 - DEBUG - Calling on_header_end with no data
2025-01-21 13:46:12,884 - DEBUG - Calling on_headers_finished with no data
2025-01-21 13:46:12,884 - DEBUG - Calling on_part_data with data[219066:219079]
2025-01-21 13:46:12,884 - DEBUG - Calling on_part_end with no data
2025-01-21 13:46:12,884 - DEBUG - Calling on_end with no data
2025-01-21 13:46:12,901 - INFO - Starting video splitting...
2025-01-21 13:46:12,969 - INFO - Video duration: 0:00:44
2025-01-21 13:46:12,970 - ERROR - Error creating segment: 
2025-01-21 13:46:12,970 - ERROR - Error splitting video: 
2025-01-21 13:46:12,971 - ERROR - Pipeline error: 
2025-01-21 13:50:31,897 - DEBUG - Calling on_part_begin with no data
2025-01-21 13:50:31,898 - DEBUG - Calling on_header_field with data[42:61]
2025-01-21 13:50:31,898 - DEBUG - Calling on_header_value with data[63:117]
2025-01-21 13:50:31,898 - DEBUG - Calling on_header_end with no data
2025-01-21 13:50:31,899 - DEBUG - Calling on_header_field with data[119:131]
2025-01-21 13:50:31,899 - DEBUG - Calling on_header_value with data[133:142]
2025-01-21 13:50:31,899 - DEBUG - Calling on_header_end with no data
2025-01-21 13:50:31,899 - DEBUG - Calling on_headers_finished with no data
2025-01-21 13:50:31,899 - DEBUG - Calling on_part_data with data[146:16384]
2025-01-21 13:50:31,900 - DEBUG - Calling on_part_data with data[0:114688]
2025-01-21 13:50:31,900 - DEBUG - Calling on_part_data with data[0:32768]
2025-01-21 13:50:31,901 - DEBUG - Calling on_part_data with data[0:16384]
2025-01-21 13:50:31,901 - DEBUG - Calling on_part_data with data[0:32768]
2025-01-21 13:50:31,901 - DEBUG - Calling on_part_data with data[0:16384]
2025-01-21 13:50:31,903 - DEBUG - Calling on_part_data with data[0:32768]
2025-01-21 13:50:31,903 - DEBUG - Calling on_part_data with data[0:16384]
2025-01-21 13:50:31,904 - DEBUG - Calling on_part_data with data[0:32768]
2025-01-21 13:50:31,904 - DEBUG - Calling on_part_data with data[0:16384]
2025-01-21 13:50:31,904 - DEBUG - Calling on_part_data with data[0:16384]
2025-01-21 13:50:31,906 - DEBUG - Calling on_part_data with data[0:49152]
2025-01-21 13:50:31,908 - DEBUG - Calling on_part_data with data[0:49152]
2025-01-21 13:50:31,909 - DEBUG - Calling on_part_data with data[0:49152]
2025-01-21 13:50:31,909 - DEBUG - Calling on_part_data with data[0:16384]
2025-01-21 13:50:31,910 - DEBUG - Calling on_part_data with data[0:49152]
2025-01-21 13:50:31,910 - DEBUG - Calling on_part_data with data[0:32768]
2025-01-21 13:50:31,911 - DEBUG - Calling on_part_data with data[0:32768]
2025-01-21 13:50:31,911 - DEBUG - Calling on_part_data with data[0:16384]
2025-01-21 13:50:31,912 - DEBUG - Calling on_part_data with data[0:32768]
2025-01-21 13:50:31,913 - DEBUG - Calling on_part_data with data[0:16384]
2025-01-21 13:50:31,913 - DEBUG - Calling on_part_data with data[0:16384]
2025-01-21 13:50:31,913 - DEBUG - Calling on_part_data with data[0:32768]
2025-01-21 13:50:31,914 - DEBUG - Calling on_part_data with data[0:16384]
2025-01-21 13:50:31,914 - DEBUG - Calling on_part_data with data[0:16384]
2025-01-21 13:50:31,915 - DEBUG - Calling on_part_data with data[0:49152]
2025-01-21 13:50:31,915 - DEBUG - Calling on_part_data with data[0:32768]
2025-01-21 13:50:31,915 - DEBUG - Calling on_part_data with data[0:32768]
2025-01-21 13:50:31,917 - DEBUG - Calling on_part_data with data[0:81920]
2025-01-21 13:50:31,919 - DEBUG - Calling on_part_data with data[0:81920]
2025-01-21 13:50:31,920 - DEBUG - Calling on_part_data with data[0:65536]
2025-01-21 13:50:31,924 - DEBUG - Calling on_part_data with data[0:245760]
2025-01-21 13:50:31,931 - DEBUG - Calling on_part_data with data[0:262144]
2025-01-21 13:50:31,933 - DEBUG - Calling on_part_data with data[0:262144]
2025-01-21 13:50:31,933 - DEBUG - Calling on_part_data with data[0:98304]
2025-01-21 13:50:31,935 - DEBUG - Calling on_part_data with data[0:49152]
2025-01-21 13:50:31,936 - DEBUG - Calling on_part_data with data[0:65536]
2025-01-21 13:50:31,937 - DEBUG - Calling on_part_data with data[0:81920]
2025-01-21 13:50:31,939 - DEBUG - Calling on_part_data with data[0:32768]
2025-01-21 13:50:31,939 - DEBUG - Calling on_part_data with data[0:81920]
2025-01-21 13:50:31,940 - DEBUG - Calling on_part_data with data[0:49152]
2025-01-21 13:50:31,941 - DEBUG - Calling on_part_data with data[0:32768]
2025-01-21 13:50:31,942 - DEBUG - Calling on_part_data with data[0:81920]
2025-01-21 13:50:31,942 - DEBUG - Calling on_part_data with data[0:65536]
2025-01-21 13:50:31,944 - DEBUG - Calling on_part_data with data[0:49152]
2025-01-21 13:50:31,945 - DEBUG - Calling on_part_data with data[0:32768]
2025-01-21 13:50:31,946 - DEBUG - Calling on_part_data with data[0:32768]
2025-01-21 13:50:31,947 - DEBUG - Calling on_part_data with data[0:49152]
2025-01-21 13:50:31,948 - DEBUG - Calling on_part_data with data[0:81920]
2025-01-21 13:50:31,950 - DEBUG - Calling on_part_data with data[0:81920]
2025-01-21 13:50:31,951 - DEBUG - Calling on_part_data with data[0:65536]
2025-01-21 13:50:31,951 - DEBUG - Calling on_part_data with data[0:49152]
2025-01-21 13:50:31,952 - DEBUG - Calling on_part_data with data[0:16384]
2025-01-21 13:50:31,953 - DEBUG - Calling on_part_data with data[0:32768]
2025-01-21 13:50:31,954 - DEBUG - Calling on_part_data with data[0:49152]
2025-01-21 13:50:31,954 - DEBUG - Calling on_part_data with data[0:49152]
2025-01-21 13:50:31,956 - DEBUG - Calling on_part_data with data[0:49152]
2025-01-21 13:50:31,957 - DEBUG - Calling on_part_data with data[0:16384]
2025-01-21 13:50:31,958 - DEBUG - Calling on_part_data with data[0:32768]
2025-01-21 13:50:31,958 - DEBUG - Calling on_part_data with data[0:65536]
2025-01-21 13:50:31,959 - DEBUG - Calling on_part_data with data[0:65536]
2025-01-21 13:50:31,959 - DEBUG - Calling on_part_data with data[0:65536]
2025-01-21 13:50:31,961 - DEBUG - Calling on_part_data with data[0:81920]
2025-01-21 13:50:31,963 - DEBUG - Calling on_part_data with data[0:81920]
2025-01-21 13:50:31,964 - DEBUG - Calling on_part_data with data[0:81920]
2025-01-21 13:50:31,964 - DEBUG - Calling on_part_data with data[0:65536]
2025-01-21 13:50:31,966 - DEBUG - Calling on_part_data with data[0:65536]
2025-01-21 13:50:31,967 - DEBUG - Calling on_part_data with data[0:49152]
2025-01-21 13:50:31,968 - DEBUG - Calling on_part_data with data[0:65536]
2025-01-21 13:50:31,969 - DEBUG - Calling on_part_data with data[0:65536]
2025-01-21 13:50:31,969 - DEBUG - Calling on_part_data with data[0:81920]
2025-01-21 13:50:31,971 - DEBUG - Calling on_part_data with data[0:49152]
2025-01-21 13:50:31,972 - DEBUG - Calling on_part_data with data[0:49152]
2025-01-21 13:50:31,973 - DEBUG - Calling on_part_data with data[0:49152]
2025-01-21 13:50:31,974 - DEBUG - Calling on_part_data with data[0:81920]
2025-01-21 13:50:31,974 - DEBUG - Calling on_part_data with data[0:65536]
2025-01-21 13:50:31,976 - DEBUG - Calling on_part_data with data[0:65536]
2025-01-21 13:50:31,976 - DEBUG - Calling on_part_data with data[0:65536]
2025-01-21 13:50:31,977 - DEBUG - Calling on_part_data with data[0:49152]
2025-01-21 13:50:31,979 - DEBUG - Calling on_part_data with data[0:81920]
2025-01-21 13:50:31,980 - DEBUG - Calling on_part_data with data[0:49152]
2025-01-21 13:50:31,980 - DEBUG - Calling on_part_data with data[0:49152]
2025-01-21 13:50:31,981 - DEBUG - Calling on_part_data with data[0:49152]
2025-01-21 13:50:31,983 - DEBUG - Calling on_part_data with data[0:65536]
2025-01-21 13:50:31,984 - DEBUG - Calling on_part_data with data[0:32768]
2025-01-21 13:50:31,984 - DEBUG - Calling on_part_data with data[0:49152]
2025-01-21 13:50:31,985 - DEBUG - Calling on_part_data with data[0:65536]
2025-01-21 13:50:31,986 - DEBUG - Calling on_part_data with data[0:49152]
2025-01-21 13:50:31,986 - DEBUG - Calling on_part_data with data[0:65536]
2025-01-21 13:50:31,987 - DEBUG - Calling on_part_data with data[0:32768]
2025-01-21 13:50:31,988 - DEBUG - Calling on_part_data with data[0:49152]
2025-01-21 13:50:31,988 - DEBUG - Calling on_part_data with data[0:49152]
2025-01-21 13:50:31,989 - DEBUG - Calling on_part_data with data[0:32768]
2025-01-21 13:50:31,989 - DEBUG - Calling on_part_data with data[0:49152]
2025-01-21 13:50:31,991 - DEBUG - Calling on_part_data with data[0:49152]
2025-01-21 13:50:31,992 - DEBUG - Calling on_part_data with data[0:32768]
2025-01-21 13:50:31,992 - DEBUG - Calling on_part_data with data[0:32768]
2025-01-21 13:50:31,993 - DEBUG - Calling on_part_data with data[0:49152]
2025-01-21 13:50:31,994 - DEBUG - Calling on_part_data with data[0:65536]
2025-01-21 13:50:31,995 - DEBUG - Calling on_part_data with data[0:65536]
2025-01-21 13:50:31,996 - DEBUG - Calling on_part_data with data[0:65536]
2025-01-21 13:50:31,997 - DEBUG - Calling on_part_data with data[0:65536]
2025-01-21 13:50:31,998 - DEBUG - Calling on_part_data with data[0:49152]
2025-01-21 13:50:31,999 - DEBUG - Calling on_part_data with data[0:65536]
2025-01-21 13:50:32,000 - DEBUG - Calling on_part_data with data[0:49152]
2025-01-21 13:50:32,000 - DEBUG - Calling on_part_data with data[0:49152]
2025-01-21 13:50:32,001 - DEBUG - Calling on_part_data with data[0:32768]
2025-01-21 13:50:32,001 - DEBUG - Calling on_part_data with data[0:49152]
2025-01-21 13:50:32,002 - DEBUG - Calling on_part_data with data[0:49152]
2025-01-21 13:50:32,004 - DEBUG - Calling on_part_data with data[0:16384]
2025-01-21 13:50:32,006 - DEBUG - Calling on_part_data with data[0:49152]
2025-01-21 13:50:32,006 - DEBUG - Calling on_part_data with data[0:65536]
2025-01-21 13:50:32,007 - DEBUG - Calling on_part_data with data[0:65536]
2025-01-21 13:50:32,007 - DEBUG - Calling on_part_data with data[0:49152]
2025-01-21 13:50:32,008 - DEBUG - Calling on_part_data with data[0:49152]
2025-01-21 13:50:32,008 - DEBUG - Calling on_part_data with data[0:32768]
2025-01-21 13:50:32,010 - DEBUG - Calling on_part_data with data[0:49152]
2025-01-21 13:50:32,011 - DEBUG - Calling on_part_data with data[0:65536]
2025-01-21 13:50:32,012 - DEBUG - Calling on_part_data with data[0:65536]
2025-01-21 13:50:32,013 - DEBUG - Calling on_part_data with data[0:32768]
2025-01-21 13:50:32,014 - DEBUG - Calling on_part_data with data[0:65536]
2025-01-21 13:50:32,014 - DEBUG - Calling on_part_data with data[0:65536]
2025-01-21 13:50:32,015 - DEBUG - Calling on_part_data with data[0:49152]
2025-01-21 13:50:32,016 - DEBUG - Calling on_part_data with data[0:65536]
2025-01-21 13:50:32,016 - DEBUG - Calling on_part_data with data[0:49152]
2025-01-21 13:50:32,016 - DEBUG - Calling on_part_data with data[0:49152]
2025-01-21 13:50:32,017 - DEBUG - Calling on_part_data with data[0:65536]
2025-01-21 13:50:32,017 - DEBUG - Calling on_part_data with data[0:49152]
2025-01-21 13:50:32,018 - DEBUG - Calling on_part_data with data[0:49152]
2025-01-21 13:50:32,020 - DEBUG - Calling on_part_data with data[0:65536]
2025-01-21 13:50:32,021 - DEBUG - Calling on_part_data with data[0:65536]
2025-01-21 13:50:32,021 - DEBUG - Calling on_part_data with data[0:65536]
2025-01-21 13:50:32,022 - DEBUG - Calling on_part_data with data[0:32768]
2025-01-21 13:50:32,023 - DEBUG - Calling on_part_data with data[0:65536]
2025-01-21 13:50:32,024 - DEBUG - Calling on_part_data with data[0:65536]
2025-01-21 13:50:32,024 - DEBUG - Calling on_part_data with data[0:49152]
2025-01-21 13:50:32,025 - DEBUG - Calling on_part_data with data[0:65536]
2025-01-21 13:50:32,026 - DEBUG - Calling on_part_data with data[0:65536]
2025-01-21 13:50:32,026 - DEBUG - Calling on_part_data with data[0:65536]
2025-01-21 13:50:32,027 - DEBUG - Calling on_part_data with data[0:49152]
2025-01-21 13:50:32,027 - DEBUG - Calling on_part_data with data[0:49152]
2025-01-21 13:50:32,028 - DEBUG - Calling on_part_data with data[0:49152]
2025-01-21 13:50:32,029 - DEBUG - Calling on_part_data with data[0:65536]
2025-01-21 13:50:32,031 - DEBUG - Calling on_part_data with data[0:65536]
2025-01-21 13:50:32,031 - DEBUG - Calling on_part_data with data[0:49152]
2025-01-21 13:50:32,032 - DEBUG - Calling on_part_data with data[0:65536]
2025-01-21 13:50:32,032 - DEBUG - Calling on_part_data with data[0:7558]
2025-01-21 13:50:32,033 - DEBUG - Calling on_part_end with no data
2025-01-21 13:50:32,033 - DEBUG - Calling on_part_begin with no data
2025-01-21 13:50:32,033 - DEBUG - Calling on_header_field with data[7602:7621]
2025-01-21 13:50:32,033 - DEBUG - Calling on_header_value with data[7623:7679]
2025-01-21 13:50:32,033 - DEBUG - Calling on_header_end with no data
2025-01-21 13:50:32,033 - DEBUG - Calling on_header_field with data[7681:7693]
2025-01-21 13:50:32,034 - DEBUG - Calling on_header_value with data[7695:7704]
2025-01-21 13:50:32,034 - DEBUG - Calling on_header_end with no data
2025-01-21 13:50:32,034 - DEBUG - Calling on_headers_finished with no data
2025-01-21 13:50:32,035 - DEBUG - Calling on_part_data with data[7708:32768]
2025-01-21 13:50:32,038 - DEBUG - Calling on_part_data with data[0:212992]
2025-01-21 13:50:32,039 - DEBUG - Calling on_part_data with data[0:131072]
2025-01-21 13:50:32,040 - DEBUG - Calling on_part_data with data[0:65536]
2025-01-21 13:50:32,041 - DEBUG - Calling on_part_data with data[0:65536]
2025-01-21 13:50:32,042 - DEBUG - Calling on_part_data with data[0:65536]
2025-01-21 13:50:32,043 - DEBUG - Calling on_part_data with data[0:81920]
2025-01-21 13:50:32,044 - DEBUG - Calling on_part_data with data[0:38623]
2025-01-21 13:50:32,044 - DEBUG - Calling on_part_end with no data
2025-01-21 13:50:32,044 - DEBUG - Calling on_part_begin with no data
2025-01-21 13:50:32,044 - DEBUG - Calling on_header_field with data[38667:38686]
2025-01-21 13:50:32,044 - DEBUG - Calling on_header_value with data[38688:38725]
2025-01-21 13:50:32,045 - DEBUG - Calling on_header_end with no data
2025-01-21 13:50:32,045 - DEBUG - Calling on_headers_finished with no data
2025-01-21 13:50:32,045 - DEBUG - Calling on_part_data with data[38729:38739]
2025-01-21 13:50:32,045 - DEBUG - Calling on_part_end with no data
2025-01-21 13:50:32,045 - DEBUG - Calling on_part_begin with no data
2025-01-21 13:50:32,046 - DEBUG - Calling on_header_field with data[38783:38802]
2025-01-21 13:50:32,046 - DEBUG - Calling on_header_value with data[38804:38838]
2025-01-21 13:50:32,047 - DEBUG - Calling on_header_end with no data
2025-01-21 13:50:32,047 - DEBUG - Calling on_headers_finished with no data
2025-01-21 13:50:32,047 - DEBUG - Calling on_part_data with data[38842:38855]
2025-01-21 13:50:32,048 - DEBUG - Calling on_part_end with no data
2025-01-21 13:50:32,048 - DEBUG - Calling on_end with no data
2025-01-21 13:50:32,071 - INFO - Starting video splitting...
2025-01-21 13:50:32,145 - INFO - Video duration: 0:00:44
2025-01-21 13:50:32,146 - ERROR - Error creating segment: 
2025-01-21 13:50:32,146 - ERROR - Error splitting video: 
2025-01-21 13:50:32,146 - ERROR - Pipeline error: 
